<?xml version="1.0" encoding="UTF-8"?>
<testng-results ignored="0" total="1" passed="1" failed="0" skipped="0">
  <reporter-output>
  </reporter-output>
  <suite started-at="2021-12-17T07:38:42 IST" name="DataExtraction" finished-at="2021-12-17T07:39:04 IST" duration-ms="22280">
    <groups>
    </groups>
    <test started-at="2021-12-17T07:38:42 IST" name="BBC_URL_Extraction" finished-at="2021-12-17T07:39:04 IST" duration-ms="22280">
      <class name="tests.Test_001_ScrapBBCWebsite">
        <test-method is-config="true" signature="startExecution()[pri:0, instance:tests.Test_001_ScrapBBCWebsite@484970b0]" started-at="2021-12-17T07:38:42 IST" name="startExecution" finished-at="2021-12-17T07:38:56 IST" duration-ms="14622" status="PASS">
          <reporter-output>
          </reporter-output>
        </test-method> <!-- startExecution -->
        <test-method signature="getBBCWebSiteDetails()[pri:0, instance:tests.Test_001_ScrapBBCWebsite@484970b0]" started-at="2021-12-17T07:38:56 IST" name="getBBCWebSiteDetails" finished-at="2021-12-17T07:39:04 IST" duration-ms="7427" status="PASS">
          <reporter-output>
          </reporter-output>
        </test-method> <!-- getBBCWebSiteDetails -->
        <test-method is-config="true" signature="stopExecution()[pri:0, instance:tests.Test_001_ScrapBBCWebsite@484970b0]" started-at="2021-12-17T07:39:04 IST" name="stopExecution" finished-at="2021-12-17T07:39:04 IST" duration-ms="199" status="PASS">
          <reporter-output>
          </reporter-output>
        </test-method> <!-- stopExecution -->
      </class> <!-- tests.Test_001_ScrapBBCWebsite -->
    </test> <!-- BBC_URL_Extraction -->
  </suite> <!-- DataExtraction -->
</testng-results>
