<?xml version="1.0" encoding="UTF-8"?>
<testng-results skipped="0" failed="0" ignored="0" total="1" passed="1">
  <reporter-output>
  </reporter-output>
  <suite name="DataExtraction" duration-ms="25616" started-at="2021-12-17T08:06:17 IST" finished-at="2021-12-17T08:06:42 IST">
    <groups>
    </groups>
    <test name="BBC_URL_Extraction" duration-ms="25616" started-at="2021-12-17T08:06:17 IST" finished-at="2021-12-17T08:06:42 IST">
      <class name="tests.Test_001_ScrapBBCWebsite">
        <test-method status="PASS" signature="startExecution()[pri:0, instance:tests.Test_001_ScrapBBCWebsite@6c49835d]" name="startExecution" is-config="true" duration-ms="17187" started-at="2021-12-17T08:06:17 IST" finished-at="2021-12-17T08:06:34 IST">
          <reporter-output>
          </reporter-output>
        </test-method> <!-- startExecution -->
        <test-method status="PASS" signature="getBBCWebSiteDetails()[pri:0, instance:tests.Test_001_ScrapBBCWebsite@6c49835d]" name="getBBCWebSiteDetails" duration-ms="7825" started-at="2021-12-17T08:06:34 IST" finished-at="2021-12-17T08:06:42 IST">
          <reporter-output>
          </reporter-output>
        </test-method> <!-- getBBCWebSiteDetails -->
        <test-method status="PASS" signature="stopExecution()[pri:0, instance:tests.Test_001_ScrapBBCWebsite@6c49835d]" name="stopExecution" is-config="true" duration-ms="583" started-at="2021-12-17T08:06:42 IST" finished-at="2021-12-17T08:06:42 IST">
          <reporter-output>
          </reporter-output>
        </test-method> <!-- stopExecution -->
      </class> <!-- tests.Test_001_ScrapBBCWebsite -->
    </test> <!-- BBC_URL_Extraction -->
  </suite> <!-- DataExtraction -->
</testng-results>
