<?xml version="1.0" encoding="UTF-8"?>
<testng-results ignored="0" total="1" passed="1" failed="0" skipped="0">
  <reporter-output>
  </reporter-output>
  <suite started-at="2021-12-22T19:31:51 IST" name="Default suite" finished-at="2021-12-22T19:34:27 IST" duration-ms="156122">
    <groups>
    </groups>
    <test started-at="2021-12-22T19:31:51 IST" name="Default test" finished-at="2021-12-22T19:34:27 IST" duration-ms="156122">
      <class name="tests.Test_001_ScrapBBCWebsite">
        <test-method is-config="true" signature="startExecution()[pri:0, instance:tests.Test_001_ScrapBBCWebsite@66f57048]" started-at="2021-12-22T19:31:51 IST" name="startExecution" finished-at="2021-12-22T19:32:05 IST" duration-ms="14413" status="PASS">
          <reporter-output>
          </reporter-output>
        </test-method> <!-- startExecution -->
        <test-method signature="getBBCWebSiteDetails()[pri:0, instance:tests.Test_001_ScrapBBCWebsite@66f57048]" started-at="2021-12-22T19:32:05 IST" name="getBBCWebSiteDetails" finished-at="2021-12-22T19:34:26 IST" duration-ms="141241" status="PASS">
          <reporter-output>
          </reporter-output>
        </test-method> <!-- getBBCWebSiteDetails -->
        <test-method is-config="true" signature="stopExecution()[pri:0, instance:tests.Test_001_ScrapBBCWebsite@66f57048]" started-at="2021-12-22T19:34:26 IST" name="stopExecution" finished-at="2021-12-22T19:34:27 IST" duration-ms="444" status="PASS">
          <reporter-output>
          </reporter-output>
        </test-method> <!-- stopExecution -->
      </class> <!-- tests.Test_001_ScrapBBCWebsite -->
    </test> <!-- Default test -->
  </suite> <!-- Default suite -->
</testng-results>
